# JRE version: OpenJDK Runtime Environment Temurin-17.0.1+12 (17.0.1+12) (build 17.0.1+12)
# Java VM: OpenJDK 64-Bit Server VM Temurin-17.0.1+12 (17.0.1+12, mixed mode, emulated-client, tiered, compressed oops, compressed class ptrs, g1 gc, windows-amd64)
GC Precious Log:
 CPUs: 8 total, 8 available
 Memory: 8089M
 Large Page Support: Disabled
 NUMA Support: Disabled
 Compressed Oops: Enabled (32-bit)
 Heap Region Size: 1M
 Heap Min Capacity: 8M
 Heap Initial Capacity: 128M
 Heap Max Capacity: 2024M
 Pre-touch: Disabled
 Parallel Workers: 8
 Concurrent Workers: 2
 Concurrent Refinement Workers: 8
 Periodic GC: Disabled
Heap:
 garbage-first heap   total 69632K, used 34030K [0x0000000081800000, 0x0000000100000000)
  region size 1024K, 22 young (22528K), 3 survivors (3072K)
 Metaspace       used 35736K, committed 36096K, reserved 1081344K
  class space    used 4471K, committed 4672K, reserved 1048576K
GC Heap History (19 events):
Event: 0.667 GC heap before
{Heap before GC invocations=0 (full 0):
 garbage-first heap   total 131072K, used 24576K [0x0000000081800000, 0x0000000100000000)
  region size 1024K, 23 young (23552K), 0 survivors (0K)
 Metaspace       used 15416K, committed 15616K, reserved 1064960K
  class space    used 1638K, committed 1728K, reserved 1048576K
}
Event: 0.673 GC heap after
{Heap after GC invocations=1 (full 0):
 garbage-first heap   total 131072K, used 6936K [0x0000000081800000, 0x0000000100000000)
  region size 1024K, 3 young (3072K), 3 survivors (3072K)
 Metaspace       used 15416K, committed 15616K, reserved 1064960K
  class space    used 1638K, committed 1728K, reserved 1048576K
}
Event: 0.986 GC heap before
{Heap before GC invocations=1 (full 0):
 garbage-first heap   total 131072K, used 27416K [0x0000000081800000, 0x0000000100000000)
  region size 1024K, 24 young (24576K), 3 survivors (3072K)
 Metaspace       used 20556K, committed 20800K, reserved 1073152K
  class space    used 2375K, committed 2496K, reserved 1048576K
}
Event: 0.990 GC heap after
{Heap after GC invocations=2 (full 0):
 garbage-first heap   total 131072K, used 8844K [0x0000000081800000, 0x0000000100000000)
  region size 1024K, 2 young (2048K), 2 survivors (2048K)
 Metaspace       used 20556K, committed 20800K, reserved 1073152K
  class space    used 2375K, committed 2496K, reserved 1048576K
}
Event: 1.014 GC heap before
{Heap before GC invocations=2 (full 0):
 garbage-first heap   total 131072K, used 11916K [0x0000000081800000, 0x0000000100000000)
  region size 1024K, 6 young (6144K), 2 survivors (2048K)
 Metaspace       used 21312K, committed 21504K, reserved 1073152K
  class space    used 2452K, committed 2560K, reserved 1048576K
}
Event: 1.017 GC heap after
{Heap after GC invocations=3 (full 0):
 garbage-first heap   total 131072K, used 8767K [0x0000000081800000, 0x0000000100000000)
  region size 1024K, 2 young (2048K), 2 survivors (2048K)
 Metaspace       used 21312K, committed 21504K, reserved 1073152K
  class space    used 2452K, committed 2560K, reserved 1048576K
}
Event: 1.185 GC heap before
{Heap before GC invocations=4 (full 0):
 garbage-first heap   total 34816K, used 26175K [0x0000000081800000, 0x0000000100000000)
  region size 1024K, 21 young (21504K), 2 survivors (2048K)
 Metaspace       used 25543K, committed 25792K, reserved 1073152K
  class space    used 3022K, committed 3136K, reserved 1048576K
}
Event: 1.189 GC heap after
{Heap after GC invocations=5 (full 0):
 garbage-first heap   total 34816K, used 9882K [0x0000000081800000, 0x0000000100000000)
  region size 1024K, 3 young (3072K), 3 survivors (3072K)
 Metaspace       used 25543K, committed 25792K, reserved 1073152K
  class space    used 3022K, committed 3136K, reserved 1048576K
}
Event: 1.194 GC heap before
{Heap before GC invocations=5 (full 0):
 garbage-first heap   total 34816K, used 9882K [0x0000000081800000, 0x0000000100000000)
  region size 1024K, 4 young (4096K), 3 survivors (3072K)
 Metaspace       used 25618K, committed 25920K, reserved 1073152K
  class space    used 3036K, committed 3200K, reserved 1048576K
}
Event: 1.198 GC heap after
{Heap after GC invocations=6 (full 0):
 garbage-first heap   total 34816K, used 10078K [0x0000000081800000, 0x0000000100000000)
  region size 1024K, 1 young (1024K), 1 survivors (1024K)
 Metaspace       used 25618K, committed 25920K, reserved 1073152K
  class space    used 3036K, committed 3200K, reserved 1048576K
}
Event: 1.201 GC heap before
{Heap before GC invocations=6 (full 0):
 garbage-first heap   total 34816K, used 23390K [0x0000000081800000, 0x0000000100000000)
  region size 1024K, 15 young (15360K), 1 survivors (1024K)
 Metaspace       used 25641K, committed 25984K, reserved 1073152K
  class space    used 3040K, committed 3200K, reserved 1048576K
}
Event: 1.202 GC heap after
{Heap after GC invocations=7 (full 0):
 garbage-first heap   total 69632K, used 9790K [0x0000000081800000, 0x0000000100000000)
  region size 1024K, 1 young (1024K), 1 survivors (1024K)
 Metaspace       used 25641K, committed 25984K, reserved 1073152K
  class space    used 3040K, committed 3200K, reserved 1048576K
}
Event: 1.406 GC heap before
{Heap before GC invocations=7 (full 0):
 garbage-first heap   total 69632K, used 45630K [0x0000000081800000, 0x0000000100000000)
  region size 1024K, 37 young (37888K), 1 survivors (1024K)
 Metaspace       used 26862K, committed 27136K, reserved 1073152K
  class space    used 3208K, committed 3328K, reserved 1048576K
}
Event: 1.408 GC heap after
{Heap after GC invocations=8 (full 0):
 garbage-first heap   total 69632K, used 11018K [0x0000000081800000, 0x0000000100000000)
  region size 1024K, 2 young (2048K), 2 survivors (2048K)
 Metaspace       used 26862K, committed 27136K, reserved 1073152K
  class space    used 3208K, committed 3328K, reserved 1048576K
}
Event: 1.909 GC heap before
{Heap before GC invocations=8 (full 0):
 garbage-first heap   total 69632K, used 48906K [0x0000000081800000, 0x0000000100000000)
  region size 1024K, 40 young (40960K), 2 survivors (2048K)
 Metaspace       used 32693K, committed 32960K, reserved 1081344K
  class space    used 4032K, committed 4160K, reserved 1048576K
}
Event: 1.916 GC heap after
{Heap after GC invocations=9 (full 0):
 garbage-first heap   total 69632K, used 14108K [0x0000000081800000, 0x0000000100000000)
  region size 1024K, 5 young (5120K), 5 survivors (5120K)
 Metaspace       used 32693K, committed 32960K, reserved 1081344K
  class space    used 4032K, committed 4160K, reserved 1048576K
}
Event: 1.954 GC heap before
{Heap before GC invocations=9 (full 0):
 garbage-first heap   total 69632K, used 48924K [0x0000000081800000, 0x0000000100000000)
  region size 1024K, 40 young (40960K), 5 survivors (5120K)
 Metaspace       used 32874K, committed 33216K, reserved 1081344K
  class space    used 4053K, committed 4224K, reserved 1048576K
}
Event: 1.960 GC heap after
{Heap after GC invocations=10 (full 0):
 garbage-first heap   total 69632K, used 14574K [0x0000000081800000, 0x0000000100000000)
  region size 1024K, 1 young (1024K), 1 survivors (1024K)
 Metaspace       used 32874K, committed 33216K, reserved 1081344K
  class space    used 4053K, committed 4224K, reserved 1048576K
}
Event: 2.249 GC heap before
{Heap before GC invocations=10 (full 0):
 garbage-first heap   total 69632K, used 33006K [0x0000000081800000, 0x0000000100000000)
  region size 1024K, 20 young (20480K), 1 survivors (1024K)
 Metaspace       used 35736K, committed 36096K, reserved 1081344K
  class space    used 4471K, committed 4672K, reserved 1048576K
}

